e:\vs\consoleapplication5\consoleapplication5\x64\debug\vc141.pdb
e:\vs\consoleapplication5\consoleapplication5\x64\debug\vc141.idb
e:\vs\consoleapplication5\consoleapplication5\x64\debug\facedetect.obj
e:\vs\consoleapplication5\consoleapplication5\x64\debug\lbf.obj
e:\vs\consoleapplication5\consoleapplication5\x64\debug\lbfregressor.obj
e:\vs\consoleapplication5\consoleapplication5\x64\debug\randomforest.obj
e:\vs\consoleapplication5\consoleapplication5\x64\debug\testmodel.obj
e:\vs\consoleapplication5\consoleapplication5\x64\debug\trainmodel.obj
e:\vs\consoleapplication5\consoleapplication5\x64\debug\tree.obj
e:\vs\consoleapplication5\consoleapplication5\x64\debug\utils.obj
e:\vs\consoleapplication5\consoleapplication5\x64\debug\linear.obj
e:\vs\consoleapplication5\consoleapplication5\x64\debug\tron.obj
e:\vs\consoleapplication5\consoleapplication5\x64\debug\daxpy.obj
e:\vs\consoleapplication5\consoleapplication5\x64\debug\ddot.obj
e:\vs\consoleapplication5\consoleapplication5\x64\debug\dnrm2.obj
e:\vs\consoleapplication5\consoleapplication5\x64\debug\dscal.obj
e:\vs\consoleapplication5\x64\debug\consoleapplication5.ilk
e:\vs\consoleapplication5\x64\debug\consoleapplication5.exe
e:\vs\consoleapplication5\x64\debug\consoleapplication5.pdb
e:\vs\consoleapplication5\consoleapplication5\x64\debug\consolea.1c8d10a9.tlog\cl.command.1.tlog
e:\vs\consoleapplication5\consoleapplication5\x64\debug\consolea.1c8d10a9.tlog\cl.read.1.tlog
e:\vs\consoleapplication5\consoleapplication5\x64\debug\consolea.1c8d10a9.tlog\cl.write.1.tlog
e:\vs\consoleapplication5\consoleapplication5\x64\debug\consolea.1c8d10a9.tlog\link.command.1.tlog
e:\vs\consoleapplication5\consoleapplication5\x64\debug\consolea.1c8d10a9.tlog\link.read.1.tlog
e:\vs\consoleapplication5\consoleapplication5\x64\debug\consolea.1c8d10a9.tlog\link.write.1.tlog
