  Utils.cpp
e:\vs\consoleapplication5\consoleapplication5\tree.h(78): warning C4244: “=”: 从“double”转换到“int”，可能丢失数据
e:\vs\consoleapplication5\consoleapplication5\utils.cpp(9): warning C4018: “<”: 有符号/无符号不匹配
e:\vs\consoleapplication5\consoleapplication5\utils.cpp(26): warning C4018: “<”: 有符号/无符号不匹配
  Tree.cpp
e:\vs\consoleapplication5\consoleapplication5\tree.h(78): warning C4244: “=”: 从“double”转换到“int”，可能丢失数据
e:\vs\consoleapplication5\consoleapplication5\tree.cpp(51): warning C4018: “<”: 有符号/无符号不匹配
e:\vs\consoleapplication5\consoleapplication5\tree.cpp(174): warning C4018: “<”: 有符号/无符号不匹配
e:\vs\consoleapplication5\consoleapplication5\tree.cpp(191): warning C4018: “<”: 有符号/无符号不匹配
e:\vs\consoleapplication5\consoleapplication5\tree.cpp(202): warning C4244: “初始化”: 从“double”转换到“int”，可能丢失数据
e:\vs\consoleapplication5\consoleapplication5\tree.cpp(203): warning C4244: “初始化”: 从“double”转换到“int”，可能丢失数据
e:\vs\consoleapplication5\consoleapplication5\tree.cpp(204): warning C4244: “=”: 从“const double”转换到“int”，可能丢失数据
e:\vs\consoleapplication5\consoleapplication5\tree.cpp(205): warning C4244: “=”: 从“const double”转换到“int”，可能丢失数据
e:\vs\consoleapplication5\consoleapplication5\tree.cpp(211): warning C4244: “初始化”: 从“double”转换到“int”，可能丢失数据
e:\vs\consoleapplication5\consoleapplication5\tree.cpp(212): warning C4244: “初始化”: 从“double”转换到“int”，可能丢失数据
e:\vs\consoleapplication5\consoleapplication5\tree.cpp(213): warning C4244: “=”: 从“const double”转换到“int”，可能丢失数据
e:\vs\consoleapplication5\consoleapplication5\tree.cpp(214): warning C4244: “=”: 从“const double”转换到“int”，可能丢失数据
e:\vs\consoleapplication5\consoleapplication5\tree.cpp(247): warning C4018: “<”: 有符号/无符号不匹配
e:\vs\consoleapplication5\consoleapplication5\tree.cpp(268): warning C4244: “参数”: 从“double”转换到“int”，可能丢失数据
e:\vs\consoleapplication5\consoleapplication5\tree.cpp(269): warning C4244: “参数”: 从“double”转换到“int”，可能丢失数据
e:\vs\consoleapplication5\consoleapplication5\tree.cpp(270): warning C4244: “参数”: 从“double”转换到“int”，可能丢失数据
e:\vs\consoleapplication5\consoleapplication5\tree.cpp(271): warning C4244: “参数”: 从“double”转换到“int”，可能丢失数据
e:\vs\consoleapplication5\consoleapplication5\tree.cpp(276): warning C4018: “<”: 有符号/无符号不匹配
e:\vs\consoleapplication5\consoleapplication5\tree.cpp(277): warning C4244: “参数”: 从“double”转换到“int”，可能丢失数据
e:\vs\consoleapplication5\consoleapplication5\tree.cpp(298): warning C4018: “<”: 有符号/无符号不匹配
  TrainModel.cpp
e:\vs\consoleapplication5\consoleapplication5\tree.h(78): warning C4244: “=”: 从“double”转换到“int”，可能丢失数据
e:\vs\consoleapplication5\consoleapplication5\trainmodel.cpp(19): warning C4018: “<”: 有符号/无符号不匹配
  TestModel.cpp
e:\vs\consoleapplication5\consoleapplication5\tree.h(78): warning C4244: “=”: 从“double”转换到“int”，可能丢失数据
e:\vs\consoleapplication5\consoleapplication5\testmodel.cpp(17): warning C4018: “<”: 有符号/无符号不匹配
e:\vs\consoleapplication5\consoleapplication5\testmodel.cpp(41): warning C4018: “<”: 有符号/无符号不匹配
  RandomForest.cpp
e:\vs\consoleapplication5\consoleapplication5\tree.h(78): warning C4244: “=”: 从“double”转换到“int”，可能丢失数据
e:\vs\consoleapplication5\consoleapplication5\randomforest.cpp(28): warning C4244: “初始化”: 从“double”转换到“int”，可能丢失数据
e:\vs\consoleapplication5\consoleapplication5\randomforest.cpp(34): warning C4244: “=”: 从“const double”转换到“int”，可能丢失数据
  LBFRegressor.cpp
e:\vs\consoleapplication5\consoleapplication5\tree.h(78): warning C4244: “=”: 从“double”转换到“int”，可能丢失数据
e:\vs\consoleapplication5\consoleapplication5\lbfregressor.cpp(22): warning C4018: “<”: 有符号/无符号不匹配
e:\vs\consoleapplication5\consoleapplication5\lbfregressor.cpp(35): warning C4018: “<”: 有符号/无符号不匹配
e:\vs\consoleapplication5\consoleapplication5\lbfregressor.cpp(65): warning C4244: “初始化”: 从“double”转换到“int”，可能丢失数据
e:\vs\consoleapplication5\consoleapplication5\lbfregressor.cpp(66): warning C4244: “初始化”: 从“const double”转换到“int”，可能丢失数据
e:\vs\consoleapplication5\consoleapplication5\lbfregressor.cpp(67): warning C4244: “初始化”: 从“const double”转换到“int”，可能丢失数据
e:\vs\consoleapplication5\consoleapplication5\lbfregressor.cpp(69): warning C4018: “<”: 有符号/无符号不匹配
e:\vs\consoleapplication5\consoleapplication5\lbfregressor.cpp(102): warning C4244: “+=”: 从“double”转换到“int”，可能丢失数据
e:\vs\consoleapplication5\consoleapplication5\lbfregressor.cpp(128): warning C4244: “初始化”: 从“double”转换到“int”，可能丢失数据
e:\vs\consoleapplication5\consoleapplication5\lbfregressor.cpp(129): warning C4244: “初始化”: 从“double”转换到“int”，可能丢失数据
e:\vs\consoleapplication5\consoleapplication5\lbfregressor.cpp(137): warning C4244: “初始化”: 从“double”转换到“int”，可能丢失数据
e:\vs\consoleapplication5\consoleapplication5\lbfregressor.cpp(138): warning C4244: “初始化”: 从“double”转换到“int”，可能丢失数据
e:\vs\consoleapplication5\consoleapplication5\lbfregressor.cpp(148): warning C4244: “+=”: 从“double”转换到“int”，可能丢失数据
e:\vs\consoleapplication5\consoleapplication5\lbfregressor.cpp(287): warning C4018: “<”: 有符号/无符号不匹配
e:\vs\consoleapplication5\consoleapplication5\lbfregressor.cpp(311): warning C4244: “初始化”: 从“double”转换到“int”，可能丢失数据
e:\vs\consoleapplication5\consoleapplication5\lbfregressor.cpp(337): warning C4018: “<”: 有符号/无符号不匹配
e:\vs\consoleapplication5\consoleapplication5\lbfregressor.cpp(365): warning C4018: “<”: 有符号/无符号不匹配
e:\vs\consoleapplication5\consoleapplication5\lbfregressor.cpp(370): warning C4018: “<”: 有符号/无符号不匹配
e:\vs\consoleapplication5\consoleapplication5\lbfregressor.cpp(388): warning C4018: “<”: 有符号/无符号不匹配
e:\vs\consoleapplication5\consoleapplication5\lbfregressor.cpp(492): warning C4018: “<”: 有符号/无符号不匹配
  LBF.cpp
e:\vs\consoleapplication5\consoleapplication5\tree.h(78): warning C4244: “=”: 从“double”转换到“int”，可能丢失数据
e:\vs\consoleapplication5\consoleapplication5\lbf.cpp(101): warning C4244: “=”: 从“double”转换到“int”，可能丢失数据
  Facedetect.cpp
e:\vs\consoleapplication5\consoleapplication5\tree.h(78): warning C4244: “=”: 从“double”转换到“int”，可能丢失数据
  正在生成代码...
opencv_world320.lib(opencv_world320.dll) : fatal error LNK1112: 模块计算机类型“x64”与目标计算机类型“X86”冲突
